This is pdfTeX, Version 3.141592653-2.6-1.40.24 (MiKTeX 22.1) (preloaded format=pdflatex 2024.4.12)  8 MAY 2024 17:20
entering extended mode
 restricted \write18 enabled.
 file:line:error style messages enabled.
 %&-line parsing enabled.
**/Users/brunosequeira/Desktop/SGD-Project/SGD-TPCH/Report/report.tex
(/Users/brunosequeira/Desktop/SGD-Project/SGD-TPCH/Report/report.tex
LaTeX2e <2023-11-01> patch level 1
L3 programming layer <2024-03-14>
(/Users/brunosequeira/Library/Application Support/MiKTeX/texmfs/install/tex/latex/base/article.cls
Document Class: article 2023/05/17 v1.4n Standard LaTeX document class
(/Users/brunosequeira/Library/Application Support/MiKTeX/texmfs/install/tex/latex/base/size10.clo
File: size10.clo 2023/05/17 v1.4n Standard LaTeX file (size option)
)
\c@part=\count188
\c@section=\count189
\c@subsection=\count190
\c@subsubsection=\count191
\c@paragraph=\count192
\c@subparagraph=\count193
\c@figure=\count194
\c@table=\count195
\abovecaptionskip=\skip48
\belowcaptionskip=\skip49
\bibindent=\dimen140
) (/Users/brunosequeira/Library/Application Support/MiKTeX/texmfs/install/tex/latex/graphics/graphicx.sty
Package: graphicx 2021/09/16 v1.2d Enhanced LaTeX Graphics (DPC,SPQR)
 (/Users/brunosequeira/Library/Application Support/MiKTeX/texmfs/install/tex/latex/graphics/keyval.sty
Package: keyval 2022/05/29 v1.15 key=value parser (DPC)
\KV@toks@=\toks17
) (/Users/brunosequeira/Library/Application Support/MiKTeX/texmfs/install/tex/latex/graphics/graphics.sty
Package: graphics 2022/03/10 v1.4e Standard LaTeX Graphics (DPC,SPQR)
 (/Users/brunosequeira/Library/Application Support/MiKTeX/texmfs/install/tex/latex/graphics/trig.sty
Package: trig 2021/08/11 v1.11 sin cos tan (DPC)
) (/Users/brunosequeira/Library/Application Support/MiKTeX/texmfs/install/tex/latex/graphics-cfg/graphics.cfg
File: graphics.cfg 2016/06/04 v1.11 sample graphics configuration
)
Package graphics Info: Driver file: pdftex.def on input line 107.
 (/Users/brunosequeira/Library/Application Support/MiKTeX/texmfs/install/tex/latex/graphics-def/pdftex.def
File: pdftex.def 2022/09/22 v1.2b Graphics/color driver for pdftex
))
\Gin@req@height=\dimen141
\Gin@req@width=\dimen142
) (/Users/brunosequeira/Library/Application Support/MiKTeX/texmfs/install/tex/latex/geometry/geometry.sty
Package: geometry 2020/01/02 v5.9 Page Geometry
 (/Users/brunosequeira/Library/Application Support/MiKTeX/texmfs/install/tex/generic/iftex/ifvtex.sty
Package: ifvtex 2019/10/25 v1.7 ifvtex legacy package. Use iftex instead.
 (/Users/brunosequeira/Library/Application Support/MiKTeX/texmfs/install/tex/generic/iftex/iftex.sty
Package: iftex 2022/02/03 v1.0f TeX engine tests
))
\Gm@cnth=\count196
\Gm@cntv=\count197
\c@Gm@tempcnt=\count198
\Gm@bindingoffset=\dimen143
\Gm@wd@mp=\dimen144
\Gm@odd@mp=\dimen145
\Gm@even@mp=\dimen146
\Gm@layoutwidth=\dimen147
\Gm@layoutheight=\dimen148
\Gm@layouthoffset=\dimen149
\Gm@layoutvoffset=\dimen150
\Gm@dimlist=\toks18
 (/Users/brunosequeira/Library/Application Support/MiKTeX/texmfs/install/tex/latex/geometry/geometry.cfg)) (/Users/brunosequeira/Library/Application Support/MiKTeX/texmfs/install/tex/latex/float/float.sty
Package: float 2001/11/08 v1.3d Float enhancements (AL)
\c@float@type=\count199
\float@exts=\toks19
\float@box=\box51
\@float@everytoks=\toks20
\@floatcapt=\box52
) (/Users/brunosequeira/Library/Application Support/MiKTeX/texmfs/install/tex/latex/tabularray/tabularray.sty (/Users/brunosequeira/Library/Application Support/MiKTeX/texmfs/install/tex/latex/l3kernel/expl3.sty
Package: expl3 2024-03-14 L3 programming layer (loader) 
 (/Users/brunosequeira/Library/Application Support/MiKTeX/texmfs/install/tex/latex/l3backend/l3backend-pdftex.def
File: l3backend-pdftex.def 2024-03-14 L3 backend support: PDF output (pdfTeX)
\l__color_backend_stack_int=\count266
\l__pdf_internal_box=\box53
))
Package: tabularray 2024-02-16 v2024A Typeset tabulars and arrays with LaTeX3
\l__tblr_a_int=\count267
\l__tblr_c_int=\count268
\l__tblr_r_int=\count269
\l__tblr_d_dim=\dimen151
\l__tblr_h_dim=\dimen152
\l__tblr_o_dim=\dimen153
\l__tblr_p_dim=\dimen154
\l__tblr_q_dim=\dimen155
\l__tblr_r_dim=\dimen156
\l__tblr_s_dim=\dimen157
\l__tblr_t_dim=\dimen158
\l__tblr_v_dim=\dimen159
\l__tblr_w_dim=\dimen160
\l__tblr_a_box=\box54
\l__tblr_b_box=\box55
\l__tblr_c_box=\box56
\l__tblr_d_box=\box57
\g__tblr_table_count_int=\count270
\c@rownum=\count271
\c@colnum=\count272
\c@rowcount=\count273
\c@colcount=\count274
\abovesep=\dimen161
\belowsep=\dimen162
\leftsep=\dimen163
\rightsep=\dimen164
\g_tblr_level_int=\count275
\g__tblr_data_row_key_count_int=\count276
\g__tblr_data_column_key_count_int=\count277
\g__tblr_data_cell_key_count_int=\count278
\g__tblr_array_int=\count279
\l__tblr_key_count_int=\count280
\l__tblr_key_quotient_int=\count281
\l__tblr_key_quotient_two_int=\count282
\l__tblr_key_remainder_int=\count283
\g__tblr_data_str_value_count_int=\count284
\rulewidth=\dimen165
\l__tblr_strut_dp_dim=\dimen166
\l__tblr_strut_ht_dim=\dimen167
\g__tblr_cell_wd_dim=\dimen168
\g__tblr_cell_ht_dim=\dimen169
\g__tblr_cell_head_dim=\dimen170
\g__tblr_cell_foot_dim=\dimen171
\l__column_target_dim=\dimen172
\l__tblr_caption_box=\box58
\l__tblr_caption_left_box=\box59
\l__tblr_row_head_box=\box60
\l__tblr_row_foot_box=\box61
\l__tblr_row_head_foot_dim=\dimen173
\tablewidth=\dimen174
\l__tblr_table_firsthead_box=\box62
\l__tblr_table_middlehead_box=\box63
\l__tblr_table_lasthead_box=\box64
\l__tblr_table_firstfoot_box=\box65
\l__tblr_table_middlefoot_box=\box66
\l__tblr_table_lastfoot_box=\box67
\l__tblr_remain_height_dim=\dimen175
\l__tblr_long_from_int=\count285
\l__tblr_long_to_int=\count286
\l__tblr_curr_i_int=\count287
\l__tblr_prev_i_int=\count288
\l__tblr_table_page_int=\count289
\l__tblr_table_head_box=\box68
\l__tblr_table_foot_box=\box69
\l__tblr_table_head_foot_dim=\dimen176
\l__tblr_table_head_body_foot_dim=\dimen177
\l__tblr_table_box=\box70
\l__tblr_table_hlines_box=\box71
\l__tblr_hline_box=\box72
\l__tblr_row_box=\box73
\l__tblr_col_o_wd_dim=\dimen178
\l__tblr_col_b_wd_dim=\dimen179
\l__tblr_hline_leftskip_dim=\dimen180
\l__tblr_hline_rightskip_dim=\dimen181
\l__tblr_row_ht_dim=\dimen182
\l__tblr_row_dp_dim=\dimen183
\l__tblr_row_abovesep_dim=\dimen184
\l__tblr_row_belowsep_dim=\dimen185
\l__tblr_row_vlines_box=\box74
\l__tblr_vline_box=\box75
\l__tblr_cell_box=\box76
\l__row_upper_dim=\dimen186
\l__row_lower_dim=\dimen187
\l__row_vpace_dim=\dimen188
\l__tblr_vline_aboveskip_dim=\dimen189
\l__tblr_vline_belowskip_dim=\dimen190
\l__tblr_cell_wd_dim=\dimen191
\l__tblr_cell_ht_dim=\dimen192
\l__tblr_diag_box=\box77
) (/Users/brunosequeira/Library/Application Support/MiKTeX/texmfs/install/tex/latex/listings/listings.sty
\lst@mode=\count290
\lst@gtempboxa=\box78
\lst@token=\toks21
\lst@length=\count291
\lst@currlwidth=\dimen193
\lst@column=\count292
\lst@pos=\count293
\lst@lostspace=\dimen194
\lst@width=\dimen195
\lst@newlines=\count294
\lst@lineno=\count295
\lst@maxwidth=\dimen196
 (/Users/brunosequeira/Library/Application Support/MiKTeX/texmfs/install/tex/latex/listings/lstpatch.sty
File: lstpatch.sty 2024/03/11 1.10a (Carsten Heinz)
) (/Users/brunosequeira/Library/Application Support/MiKTeX/texmfs/install/tex/latex/listings/lstmisc.sty
File: lstmisc.sty 2024/03/11 1.10a (Carsten Heinz)
\c@lstnumber=\count296
\lst@skipnumbers=\count297
\lst@framebox=\box79
) (/Users/brunosequeira/Library/Application Support/MiKTeX/texmfs/install/tex/latex/listings/listings.cfg
File: listings.cfg 2024/03/11 1.10a listings configuration
))
Package: listings 2024/03/11 1.10a (Carsten Heinz)
 (report.aux

LaTeX Warning: Label `tab:BC_Table3' multiply defined.


LaTeX Warning: Label `tab:BC_Table3' multiply defined.


LaTeX Warning: Label `tab:BC_Table3' multiply defined.


LaTeX Warning: Label `tab:BC_Table3' multiply defined.


LaTeX Warning: Label `tab:BC_Table6' multiply defined.


LaTeX Warning: Label `tab:BC_Table3' multiply defined.


LaTeX Warning: Label `tab:BC_Table3' multiply defined.


LaTeX Warning: Label `tab:BC_Table6' multiply defined.


LaTeX Warning: Label `tab:BC_Table6' multiply defined.


LaTeX Warning: Label `tab:BC_Table6' multiply defined.


LaTeX Warning: Label `tab:BC_Table6' multiply defined.


LaTeX Warning: Label `tab:BC_Table6' multiply defined.


LaTeX Warning: Label `tab:BC_Table6' multiply defined.


LaTeX Warning: Label `fig:PKCreation2' multiply defined.


LaTeX Warning: Label `fig:PKCreation2' multiply defined.


LaTeX Warning: Label `fig:PKCreation2' multiply defined.


LaTeX Warning: Label `fig:PKCreation2' multiply defined.


LaTeX Warning: Label `fig:PKCreation2' multiply defined.


LaTeX Warning: Label `fig:PKCreation2' multiply defined.

)
\openout1 = `report.aux'.

LaTeX Font Info:    Checking defaults for OML/cmm/m/it on input line 10.
LaTeX Font Info:    ... okay on input line 10.
LaTeX Font Info:    Checking defaults for OMS/cmsy/m/n on input line 10.
LaTeX Font Info:    ... okay on input line 10.
LaTeX Font Info:    Checking defaults for OT1/cmr/m/n on input line 10.
LaTeX Font Info:    ... okay on input line 10.
LaTeX Font Info:    Checking defaults for T1/cmr/m/n on input line 10.
LaTeX Font Info:    ... okay on input line 10.
LaTeX Font Info:    Checking defaults for TS1/cmr/m/n on input line 10.
LaTeX Font Info:    ... okay on input line 10.
LaTeX Font Info:    Checking defaults for OMX/cmex/m/n on input line 10.
LaTeX Font Info:    ... okay on input line 10.
LaTeX Font Info:    Checking defaults for U/cmr/m/n on input line 10.
LaTeX Font Info:    ... okay on input line 10.
 (/Users/brunosequeira/Library/Application Support/MiKTeX/texmfs/install/tex/context/base/mkii/supp-pdf.mkii
[Loading MPS to PDF converter (version 2006.09.02).]
\scratchcounter=\count298
\scratchdimen=\dimen197
\scratchbox=\box80
\nofMPsegments=\count299
\nofMParguments=\count300
\everyMPshowfont=\toks22
\MPscratchCnt=\count301
\MPscratchDim=\dimen198
\MPnumerator=\count302
\makeMPintoPDFobject=\count303
\everyMPtoPDFconversion=\toks23
) (/Users/brunosequeira/Library/Application Support/MiKTeX/texmfs/install/tex/latex/epstopdf-pkg/epstopdf-base.sty
Package: epstopdf-base 2020-01-24 v2.11 Base part for package epstopdf
Package epstopdf-base Info: Redefining graphics rule for `.eps' on input line 485.
 (/Users/brunosequeira/Library/Application Support/MiKTeX/texmfs/install/tex/latex/00miktex/epstopdf-sys.cfg
File: epstopdf-sys.cfg 2021/03/18 v2.0 Configuration of epstopdf for MiKTeX
))
*geometry* driver: auto-detecting
*geometry* detected driver: pdftex
*geometry* verbose mode - [ preamble ] result:
* driver: pdftex
* paper: <default>
* layout: <same size as paper>
* layoutoffset:(h,v)=(0.0pt,0.0pt)
* modes: 
* h-part:(L,W,R)=(92.14519pt, 430.00462pt, 92.14519pt)
* v-part:(T,H,B)=(95.39737pt, 556.47656pt, 143.09605pt)
* \paperwidth=614.295pt
* \paperheight=794.96999pt
* \textwidth=430.00462pt
* \textheight=556.47656pt
* \oddsidemargin=19.8752pt
* \evensidemargin=19.8752pt
* \topmargin=-13.87262pt
* \headheight=12.0pt
* \headsep=25.0pt
* \topskip=10.0pt
* \footskip=30.0pt
* \marginparwidth=65.0pt
* \marginparsep=11.0pt
* \columnsep=10.0pt
* \skip\footins=9.0pt plus 4.0pt minus 2.0pt
* \hoffset=0.0pt
* \voffset=0.0pt
* \mag=1000
* \@twocolumnfalse
* \@twosidefalse
* \@mparswitchfalse
* \@reversemarginfalse
* (1in=72.27pt=25.4mm, 1cm=28.453pt)

\c@lstlisting=\count304
<dei_thumb.png, id=1, 240.9pt x 39.5076pt>
File: dei_thumb.png Graphic file (type png)
<use dei_thumb.png>
Package pdftex.def Info: dei_thumb.png  used on input line 16.
(pdftex.def)             Requested size: 171.99922pt x 28.20853pt.
LaTeX Font Info:    External font `cmex10' loaded for size
(Font)              <7> on input line 29.
LaTeX Font Info:    External font `cmex10' loaded for size
(Font)              <5> on input line 29.
[1

{/Users/brunosequeira/Library/Application Support/MiKTeX/texmfs/data/fonts/map/pdftex/pdftex.map} <./dei_thumb.png>] (report.toc
Overfull \hbox (8.18947pt too wide) in paragraph at lines 11--11
 [][] []\OT1/cmr/m/n/10 M^^Sedias e Desvio padr~ao de tempos entre MySQL vs PostgresSQL, sem chaves utilizando 
 []


Overfull \hbox (8.18947pt too wide) in paragraph at lines 12--12
 [][] []\OT1/cmr/m/n/10 M^^Sedias e Desvio padr~ao de tempos entre MySQL vs PostgresSQL, sem chaves utilizando 
 []


Overfull \hbox (9.24504pt too wide) in paragraph at lines 15--15
 [][] []\OT1/cmr/m/n/10 M^^Sedias e Desvio padr~ao de tempos entre MySQL vs PostgresSQL, com chaves utilizando 
 []


Overfull \hbox (9.24504pt too wide) in paragraph at lines 16--16
 [][] []\OT1/cmr/m/n/10 M^^Sedias e Desvio padr~ao de tempos entre MySQL vs PostgresSQL, com chaves utilizando 
 []

)
\tf@toc=\write3
\openout3 = `report.toc'.

 [1

] (report.lof)
\tf@lof=\write4
\openout4 = `report.lof'.

 (report.lot
Overfull \hbox (3.94055pt too wide) in paragraph at lines 3--3
 [][] []\OT1/cmr/m/n/10 Tempo de cria^^Xc~ao das chaves estrangeiras em segundos para cada motor de pesquisa.(FK) []  
 []


Overfull \hbox (16.74507pt too wide) in paragraph at lines 8--8
 [][] []\OT1/cmr/m/n/10 M^^Sedia e desvio padr~ao do tempo de pesquisa de cada query entre MySQL e PostgreSQL.(1 
 []


Overfull \hbox (16.74507pt too wide) in paragraph at lines 9--9
 [][] []\OT1/cmr/m/n/10 M^^Sedia e desvio padr~ao do tempo de pesquisa de cada query entre MySQL e PostgreSQL.(5 
 []


Overfull \hbox (16.74507pt too wide) in paragraph at lines 14--14
 [][] []\OT1/cmr/m/n/10 M^^Sedia e desvio padr~ao do tempo de pesquisa de cada query entre MySQL e PostgreSQL.(1 
 []


Overfull \hbox (16.74507pt too wide) in paragraph at lines 15--15
 [][] []\OT1/cmr/m/n/10 M^^Sedia e desvio padr~ao do tempo de pesquisa de cada query entre MySQL e PostgreSQL.(5 
 []


Overfull \hbox (16.74507pt too wide) in paragraph at lines 18--18
 [][] []\OT1/cmr/m/n/10 M^^Sedia e desvio padr~ao do tempo de pesquisa de cada query entre MySQL e PostgreSQL.(5 
 []

)
\tf@lot=\write5
\openout5 = `report.lot'.

 [2

]
Overfull \hbox (12.30176pt too wide) in paragraph at lines 51--52
 \OT1/cmr/m/n/10 No mundo contempor^aneo, onde os dados se tornaram um ativo extremamente valioso e omnipresente
 []


Underfull \hbox (badness 10000) in paragraph at lines 51--52

 []


Underfull \hbox (badness 10000) in paragraph at lines 53--54

 []


Underfull \hbox (badness 10000) in paragraph at lines 55--56

 []


Underfull \hbox (badness 10000) in paragraph at lines 57--58

 []


Underfull \hbox (badness 10000) in paragraph at lines 59--60

 []

[3

]
Underfull \hbox (badness 10000) in paragraph at lines 65--66

 []


Underfull \hbox (badness 10000) in paragraph at lines 72--73

 []


Underfull \hbox (badness 10000) in paragraph at lines 98--99

 []


Underfull \hbox (badness 10000) in paragraph at lines 101--102

 []


Underfull \hbox (badness 10000) in paragraph at lines 103--104

 []

[4

] [5]
Underfull \hbox (badness 10000) in paragraph at lines 121--143

 []

[6

]
Underfull \hbox (badness 10000) in paragraph at lines 149--151

 []

[7

] [8

] [9

] [10

] [11

] [12

] [13

] [14

] [15

] [16

] [17

] [18] [19] [20] [21] [22]
Overfull \hbox (4.16264pt too wide) in paragraph at lines 834--835
[] \OT1/cmr/m/n/10 Nosso objetivo ^^Se extrair significado dos dados, rela^^Xc~oes relevantes e interpretar essas descobertas
 []


Underfull \hbox (badness 10000) in paragraph at lines 834--835

 []


Underfull \hbox (badness 10000) in paragraph at lines 836--837

 []

<Graphs/ImportTime.png, id=84, 683.55376pt x 408.52625pt>
File: Graphs/ImportTime.png Graphic file (type png)
<use Graphs/ImportTime.png>
Package pdftex.def Info: Graphs/ImportTime.png  used on input line 843.
(pdftex.def)             Requested size: 430.00462pt x 256.99889pt.

Overfull \hbox (17.74625pt too wide) in paragraph at lines 847--850
[]\OT1/cmr/m/n/10 Analisando o gr^^Safico, o tempo de importa^^Xc~ao varia significativamente entre as tabelas, principalmente
 []

[23

 <./Graphs/ImportTime.png>]
<Graphs/SizevsImport.png, id=89, 897.3525pt x 524.96124pt>
File: Graphs/SizevsImport.png Graphic file (type png)
<use Graphs/SizevsImport.png>
Package pdftex.def Info: Graphs/SizevsImport.png  used on input line 857.
(pdftex.def)             Requested size: 430.00462pt x 251.55399pt.

Underfull \hbox (badness 10000) in paragraph at lines 863--864

 []


Underfull \hbox (badness 10000) in paragraph at lines 865--866

 []


Underfull \hbox (badness 10000) in paragraph at lines 867--868

 []


Underfull \hbox (badness 10000) in paragraph at lines 869--870

 []

<Graphs/RowsvsImportTime.png, id=90, 665.48625pt x 389.455pt>
File: Graphs/RowsvsImportTime.png Graphic file (type png)
<use Graphs/RowsvsImportTime.png>
Package pdftex.def Info: Graphs/RowsvsImportTime.png  used on input line 874.
(pdftex.def)             Requested size: 430.00462pt x 251.65115pt.
[24 <./Graphs/SizevsImport.png>]
Underfull \hbox (badness 10000) in paragraph at lines 879--880

 []


Overfull \hbox (17.74608pt too wide) in paragraph at lines 890--892
 \OT1/cmr/m/n/10 As chaves prim^^Sarias e estrangeiras s~ao ferramentas essenciais para garantir a qualidade e confiabilidade
 []


Underfull \hbox (badness 10000) in paragraph at lines 890--892

 []

[25 <./Graphs/RowsvsImportTime.png>]
<Graphs/PKCreation.png, id=100, 819.06pt x 491.8375pt>
File: Graphs/PKCreation.png Graphic file (type png)
<use Graphs/PKCreation.png>
Package pdftex.def Info: Graphs/PKCreation.png  used on input line 897.
(pdftex.def)             Requested size: 430.00462pt x 258.21855pt.

Overfull \hbox (4.57927pt too wide) in paragraph at lines 904--905
[] \OT1/cmr/m/n/10 Ap^^Sos an^^Salise do gr^^Safico e da tabela da sec^^Xc~ao \OT1/cmr/bx/n/10 6.2\OT1/cmr/m/n/10 , podemos tirar conclus~oes de que o PostgreSQL
 []


Underfull \hbox (badness 10000) in paragraph at lines 904--905

 []

<Graphs/linesvspk.png, id=101, 711.65875pt x 452.69125pt>
File: Graphs/linesvspk.png Graphic file (type png)
<use Graphs/linesvspk.png>
Package pdftex.def Info: Graphs/linesvspk.png  used on input line 912.
(pdftex.def)             Requested size: 430.00462pt x 273.52332pt.
[26 <./Graphs/PKCreation.png>]
Underfull \hbox (badness 10000) in paragraph at lines 917--919

 []


Underfull \hbox (badness 10000) in paragraph at lines 920--921

 []


Underfull \hbox (badness 10000) in paragraph at lines 922--923

 []


Underfull \hbox (badness 10000) in paragraph at lines 924--925

 []

<Graphs/FKCreation.png, id=106, 683.55376pt x 410.53375pt>
File: Graphs/FKCreation.png Graphic file (type png)
<use Graphs/FKCreation.png>
Package pdftex.def Info: Graphs/FKCreation.png  used on input line 929.
(pdftex.def)             Requested size: 430.00462pt x 258.26178pt.
[27 <./Graphs/linesvspk.png>]
Underfull \hbox (badness 10000) in paragraph at lines 934--935

 []


Underfull \hbox (badness 10000) in paragraph at lines 936--937

 []


Underfull \hbox (badness 10000) in paragraph at lines 938--939

 []

[28 <./Graphs/FKCreation.png>]
<Graphs/mysqlvspostgres_onethread.png, id=115, 719.68875pt x 508.90125pt>
File: Graphs/mysqlvspostgres_onethread.png Graphic file (type png)
<use Graphs/mysqlvspostgres_onethread.png>
Package pdftex.def Info: Graphs/mysqlvspostgres_onethread.png  used on input line 947.
(pdftex.def)             Requested size: 430.00462pt x 304.06961pt.
 [29

 <./Graphs/mysqlvspostgres_onethread.png>]
<Graphs/mysqlvspostgres5thread.png, id=120, 752.8125pt x 542.025pt>
File: Graphs/mysqlvspostgres5thread.png Graphic file (type png)
<use Graphs/mysqlvspostgres5thread.png>
Package pdftex.def Info: Graphs/mysqlvspostgres5thread.png  used on input line 965.
(pdftex.def)             Requested size: 430.00462pt x 309.61082pt.

Underfull \hbox (badness 10000) in paragraph at lines 971--972

 []

[30

 <./Graphs/mysqlvspostgres5thread.png>]
Overfull \hbox (22.96207pt too wide) in paragraph at lines 976--976
\OT1/cmr/bx/n/12 utilizando 1 vs 5 thread numa base de dados de 25.(MySQL, PostgreSQL) 
 []


Underfull \hbox (badness 10000) in paragraph at lines 980--981

 []

<Graphs/comparationThreadsMySQL.png, id=126, 711.65875pt x 421.575pt>
File: Graphs/comparationThreadsMySQL.png Graphic file (type png)
<use Graphs/comparationThreadsMySQL.png>
Package pdftex.def Info: Graphs/comparationThreadsMySQL.png  used on input line 986.
(pdftex.def)             Requested size: 430.00462pt x 254.72237pt.
<Graphs/ComparationPostgres.png, id=127, 537.00626pt x 365.365pt>
File: Graphs/ComparationPostgres.png Graphic file (type png)
<use Graphs/ComparationPostgres.png>
Package pdftex.def Info: Graphs/ComparationPostgres.png  used on input line 996.
(pdftex.def)             Requested size: 430.00462pt x 292.56557pt.
[31

 <./Graphs/comparationThreadsMySQL.png>] [32 <./Graphs/ComparationPostgres.png>]
<Graphs/postgresql40gb.png, id=136, 647.41875pt x 413.545pt>
File: Graphs/postgresql40gb.png Graphic file (type png)
<use Graphs/postgresql40gb.png>
Package pdftex.def Info: Graphs/postgresql40gb.png  used on input line 1018.
(pdftex.def)             Requested size: 430.00462pt x 274.66953pt.
 [33

 <./Graphs/postgresql40gb.png>] [34

] (report.aux)
 ***********
LaTeX2e <2023-11-01> patch level 1
L3 programming layer <2024-03-14>
 ***********


LaTeX Warning: There were multiply-defined labels.

 ) 
Here is how much of TeX's memory you used:
 5267 strings out of 476358
 103895 string characters out of 5790756
 1959493 words of memory out of 5000000
 27367 multiletter control sequences out of 15000+600000
 561233 words of font info for 46 fonts, out of 8000000 for 9000
 0 hyphenation exceptions out of 8191
 65i,10n,79p,895b,267s stack positions out of 10000i,1000n,20000p,200000b,200000s
 </Users/brunosequeira/Library/Application Support/MiKTeX/texmfs/data/fonts/pk/ljfour/jknappen/ec/dpi600/tcrm1000.pk></Users/brunosequeira/Library/Application Support/MiKTeX/texmfs/install/fonts/type1/public/amsfonts/cm/cmbx10.pfb></Users/brunosequeira/Library/Application Support/MiKTeX/texmfs/install/fonts/type1/public/amsfonts/cm/cmbx12.pfb></Users/brunosequeira/Library/Application Support/MiKTeX/texmfs/install/fonts/type1/public/amsfonts/cm/cmbxti10.pfb></Users/brunosequeira/Library/Application Support/MiKTeX/texmfs/install/fonts/type1/public/amsfonts/cm/cmr10.pfb></Users/brunosequeira/Library/Application Support/MiKTeX/texmfs/install/fonts/type1/public/amsfonts/cm/cmr12.pfb></Users/brunosequeira/Library/Application Support/MiKTeX/texmfs/install/fonts/type1/public/amsfonts/cm/cmti10.pfb>
Output written on report.pdf (35 pages, 469402 bytes).
PDF statistics:
 175 PDF objects out of 1000 (max. 8388607)
 0 named destinations out of 1000 (max. 500000)
 61 words of extra memory for PDF output out of 10000 (max. 10000000)

